make[1]: Entering directory '/media/linux/linux/kernel/aresinnh/aresin_test_kernel/out'
  GEN     ./Makefile
scripts/kconfig/conf  --silentoldconfig Kconfig
  CHK     include/config/kernel.release
  GEN     ./Makefile
  CHK     include/generated/uapi/linux/version.h
  CHK     include/generated/utsrelease.h
  Using .. as source for kernel
  CHK     scripts/mod/devicetable-offsets.h
  CHK     include/generated/timeconst.h
  CHK     include/generated/bounds.h
  CHK     include/generated/asm-offsets.h
  CALL    ../scripts/checksyscalls.sh
*MTK_GPU_VERSION 2 = valhall
*MTK_GPU_VERSION 3 = r25p0
..
..
FDVT: Drv use 5.1 folder
..
../drivers/misc/mediatek/ccu/src/Makefile:27: CCU_MAKE_FILE_CALLED
..
..
..
************  drivers/trusty/mtee-kree mk ************
MTK_GPU_VERSION 1 = mali
*MTK_GPU_VERSION 2 = valhall
imgsensor drv by common ../common/v1_1/ov64b40sunny_mipi_raw/ ../common/v1_1/ov16a1qofilm_mipi_raw/ ../common/v1_1/gc02m1sunny_mipi_raw/ ../common/v1_1/imx355sunny_mipi_raw/
imgsensor drv by platform 
*MTK_GPU_VERSION 3 = r25p0
mali MTK evironment, building r25p0 DDK
mtk-Kbuild CONFIG_MALI_PLATFORM_THIRDPARTY := y
mtk-Kbuild CONFIG_MALI_PLATFORM_THIRDPARTY_NAME := "mt6885"
*GPU defined GPU BM QoS 2.0
mali MTK evironment, building r25p0 DDK
mtk-Kbuild CONFIG_MALI_PLATFORM_THIRDPARTY := y
mtk-Kbuild CONFIG_MALI_PLATFORM_THIRDPARTY_NAME := "mt6885"
*GPU defined GPU BM QoS 2.0
mali MTK evironment, building r25p0 DDK
mtk-Kbuild CONFIG_MALI_PLATFORM_THIRDPARTY := y
mtk-Kbuild CONFIG_MALI_PLATFORM_THIRDPARTY_NAME := "mt6885"
*GPU defined GPU BM QoS 2.0
  CHK     include/generated/compile.h
../drivers/misc/mediatek/sensor/2.0/mtk_nanohub/Makefile:5: "config_mtk_platform:"mt6885""
"CONFIG_MICROTRUST_TEE_VERSION="300""
"CONFIG_MICROTRUST_TEE_SUPPORT=y"
"CONFIG_MICROTRUST_TZ_DRIVER=Y"
"CONFIG_MICROTRUST_VFS_DRIVER=Y"
"CONFIG_MICROTRUST_FP_DRIVER=Y"
"CONFIG_MICROTRUST_DEBUG="
"CONFIG_MICROTRUST_TEST_DRIVERS="
TCORE_UT_TESTS_SUPPORT = n
TCORE_PROFILING_SUPPORT = n
TCORE_PROFILING_AUTO_DUMP = n
TCORE_MEMORY_LEAK_DETECTION_SUPPORT = n
  GZIP    kernel/config_data.gz
  CHK     kernel/kheaders_data.tar.xz
  CHK     kernel/config_data.h
  CC      drivers/media/platform/mtk-vcodec/mtk_vcodec_dec_drv.o
  AR      drivers/nfc/built-in.o
  AR      drivers/nvme/host/built-in.o
  AR      drivers/nvme/target/built-in.o
  AR      drivers/nvme/built-in.o
  CC      drivers/nvmem/core.o
  CC      drivers/of/base.o
  CC      drivers/media/platform/mtk-vcodec/mtk_vcodec_dec.o
*MTK_GPU_VERSION 2 = valhall
*MTK_GPU_VERSION 3 = r25p0
  CC      drivers/of/device.o
  AR      drivers/nvmem/nvmem_core.o
  AR      drivers/nvmem/built-in.o
  CC      drivers/pci/dwc/pcie-hisi.o
  AR      drivers/pci/dwc/built-in.o
..
..
  CC      drivers/perf/arm_pmu.o
FDVT: Drv use 5.1 folder
  CC      drivers/of/platform.o
..
  CC      drivers/media/platform/mtk-vcodec/mt6885/mtk_vcodec_dec_pm.o
..
..
..
  CC      drivers/of/property.o
../drivers/misc/mediatek/ccu/src/Makefile:27: CCU_MAKE_FILE_CALLED
  CC      drivers/media/platform/mtk-vcodec/vdec/vdec_common_if.o
  CC      drivers/perf/arm_pmu_platform.o
  CC      drivers/of/fdt.o
  CC      drivers/media/platform/mtk-vcodec/vdec_vcu_if.o
  CC      drivers/perf/arm_dsu_pmu.o
  CC      drivers/media/platform/mtk-vcodec/mtk_vcodec_enc.o
  AR      drivers/perf/built-in.o
  CC      drivers/media/platform/mtk-vcodec/mtk_vcodec_enc_drv.o
  CC      drivers/of/fdt_address.o
  CC      drivers/of/address.o
  CC      drivers/of/irq.o
  CC      drivers/media/platform/mtk-vcodec/mt6885/mtk_vcodec_enc_pm.o
  CC      drivers/media/platform/mtk-vcodec/venc_drv_if.o
  CC      drivers/of/of_net.o
  CC      drivers/of/of_reserved_mem.o
  CC      drivers/media/platform/mtk-vcodec/venc/venc_common_if.o
  CC      drivers/media/platform/mtk-vcodec/venc_vcu_if.o
  CC      drivers/media/platform/mtk-vcodec/mt6885/mtk_vcodec_intr.o
  AR      drivers/of/built-in.o
************  drivers/trusty/mtee-kree mk ************
  CC      drivers/media/platform/mtk-vcodec/mtk_vcodec_util.o
MTK_GPU_VERSION 1 = mali
  CC      drivers/phy/phy-core.o
*MTK_GPU_VERSION 2 = valhall
*MTK_GPU_VERSION 3 = r25p0
mali MTK evironment, building r25p0 DDK
mtk-Kbuild CONFIG_MALI_PLATFORM_THIRDPARTY := y
mtk-Kbuild CONFIG_MALI_PLATFORM_THIRDPARTY_NAME := "mt6885"
*GPU defined GPU BM QoS 2.0
mali MTK evironment, building r25p0 DDK
mtk-Kbuild CONFIG_MALI_PLATFORM_THIRDPARTY := y
mtk-Kbuild CONFIG_MALI_PLATFORM_THIRDPARTY_NAME := "mt6885"
*GPU defined GPU BM QoS 2.0
mali MTK evironment, building r25p0 DDK
mtk-Kbuild CONFIG_MALI_PLATFORM_THIRDPARTY := y
mtk-Kbuild CONFIG_MALI_PLATFORM_THIRDPARTY_NAME := "mt6885"
*GPU defined GPU BM QoS 2.0
  CC      drivers/media/platform/mtk-vcodec/mt6885/vcodec_dvfs.o
  CC      drivers/media/platform/mtk-vcodec/mt6885/vcodec_bw.o
  AR      drivers/media/platform/mtk-vcodec/mtk-vcodec-dec.o
  AR      drivers/media/platform/mtk-vcodec/mtk-vcodec-enc.o
  AR      drivers/media/platform/mtk-vcodec/mtk-vcodec-common.o
  AR      drivers/phy/broadcom/built-in.o
  CC      drivers/pinctrl/core.o
  AR      drivers/phy/hisilicon/built-in.o
  AR      drivers/phy/marvell/built-in.o
  CC      drivers/phy/mediatek/phy-mtk.o
  AR      drivers/media/platform/mtk-vcodec/built-in.o
  AR      drivers/media/platform/built-in.o
  CC      drivers/phy/mediatek/phy-mtk-mt6885.o
imgsensor drv by common ../common/v1_1/ov64b40sunny_mipi_raw/ ../common/v1_1/ov16a1qofilm_mipi_raw/ ../common/v1_1/gc02m1sunny_mipi_raw/ ../common/v1_1/imx355sunny_mipi_raw/
imgsensor drv by platform 
  CC      drivers/pinctrl/pinctrl-utils.o
  AR      drivers/phy/mediatek/built-in.o
  AR      drivers/phy/motorola/built-in.o
  AR      drivers/phy/qualcomm/built-in.o
  AR      drivers/phy/ralink/built-in.o
  AR      drivers/phy/samsung/built-in.o
  AR      drivers/phy/st/built-in.o
  AR      drivers/phy/ti/built-in.o
  AR      drivers/phy/built-in.o
  AR      drivers/platform/built-in.o
  AR      drivers/power/reset/built-in.o
  CC      drivers/pinctrl/pinmux.o
  CC      drivers/power/supply/power_supply_core.o
  AR      drivers/media/built-in.o
  CC      drivers/pinctrl/pinconf.o
  CC      drivers/pinctrl/devicetree.o
  CC      drivers/power/supply/power_supply_sysfs.o
  AR      drivers/ptp/built-in.o
  CC      drivers/pwm/core.o
  CC      drivers/power/supply/power_supply_leds.o
  CC      drivers/pinctrl/pinconf-generic.o
  CC      drivers/power/supply/mediatek/battery/mtk_battery.o
  AR      drivers/pinctrl/bcm/built-in.o
  AR      drivers/pinctrl/freescale/built-in.o
  CC      drivers/pinctrl/mediatek/mtk-eint.o
  CC      drivers/pwm/sysfs.o
../drivers/pinctrl/mediatek/mtk-eint.c:119:6: warning: ISO C90 forbids mixing declarations and code [-Wdeclaration-after-statement]
        u32 mask = BIT(d->hwirq & 0x1f);
            ^
  CC      drivers/pwm/pwm-mtk-disp.o
1 warning generated.
  CC      drivers/pinctrl/mediatek/pinctrl-paris.o
../drivers/pwm/pwm-mtk-disp.c:307:14: warning: unused variable 'pwm_src' [-Wunused-variable]
        struct clk *pwm_src;
                    ^
1 warning generated.
  AR      drivers/pwm/built-in.o
  CC      drivers/pinctrl/mediatek/pinctrl-mtk-common-v2.o
  CC      drivers/pinctrl/mediatek/pinctrl-mtk-common-v2_debug.o
  CC      drivers/pinctrl/mediatek/pinctrl-mt6885.o
  CC      drivers/power/supply/mediatek/battery/mtk_power_misc.o
  CC      drivers/power/supply/mediatek/battery/mtk_gauge_coulomb_service.o
  AR      drivers/pinctrl/mediatek/built-in.o
  AR      drivers/pinctrl/mvebu/built-in.o
  AR      drivers/pinctrl/nomadik/built-in.o
  AR      drivers/pinctrl/sprd/built-in.o
  AR      drivers/pinctrl/ti/built-in.o
  AR      drivers/pinctrl/built-in.o
  CC      drivers/regulator/core.o
  CC      drivers/power/supply/mediatek/battery/mtk_gauge_class.o
  CC      drivers/power/supply/mediatek/battery/mtk_battery_recovery.o
  CC      drivers/power/supply/mediatek/battery/mtk_battery_core.o
  CC      drivers/regulator/dummy.o
../drivers/misc/mediatek/sensor/2.0/mtk_nanohub/Makefile:5: "config_mtk_platform:"mt6885""
"CONFIG_MICROTRUST_TEE_VERSION="300""
"CONFIG_MICROTRUST_TEE_SUPPORT=y"
"CONFIG_MICROTRUST_TZ_DRIVER=y"
"CONFIG_MICROTRUST_VFS_DRIVER=y"
"CONFIG_MICROTRUST_FP_DRIVER=y"
"CONFIG_MICROTRUST_DEBUG="
"CONFIG_MICROTRUST_TEST_DRIVERS="
  CC      drivers/regulator/fixed-helper.o
  CC      drivers/regulator/helpers.o
  CC      drivers/power/supply/mediatek/battery/bq27z561_fg.o
TCORE_UT_TESTS_SUPPORT = n
TCORE_PROFILING_SUPPORT = n
TCORE_PROFILING_AUTO_DUMP = n
TCORE_MEMORY_LEAK_DETECTION_SUPPORT = n
  CC      drivers/regulator/devres.o
  CC      drivers/regulator/of_regulator.o
  CC      drivers/power/supply/mediatek/charger/charger_class.o
  CC      drivers/remoteproc/remoteproc_core.o
  AR      drivers/power/supply/mediatek/battery/built-in.o
  CC      drivers/power/supply/mediatek/misc/mtk_gauge_time_service.o
  CC      drivers/regulator/mt6315-regulator.o
  AR      drivers/power/supply/mediatek/misc/built-in.o
  CC      drivers/regulator/mt6315-misc.o
  CC      drivers/power/supply/mediatek/charger/mtk_charger.o
  CC      drivers/regulator/mt6359p-regulator.o
  CC      drivers/regulator/wl2866d.o
  CC      drivers/remoteproc/remoteproc_debugfs.o
  CC      drivers/remoteproc/remoteproc_sysfs.o
  CC      drivers/remoteproc/remoteproc_virtio.o
  AR      drivers/regulator/built-in.o
  CC      drivers/rpmsg/rpmsg_core.o
  CC      drivers/remoteproc/remoteproc_elf_loader.o
  CC      drivers/rpmsg/mtk_rpmsg.o
  CC      drivers/rtc/rtc-lib.o
  AR      drivers/remoteproc/remoteproc.o
  AR      drivers/remoteproc/built-in.o
  CC      drivers/scsi/scsi.o
  CC      drivers/rtc/hctosys.o
  AR      drivers/rpmsg/built-in.o
  CC      drivers/rtc/class.o
  AR      drivers/soc/bcm/built-in.o
  AR      drivers/soc/fsl/built-in.o
  CC      drivers/soc/mediatek/mtk-pmic-wrap.o
  CC      drivers/power/supply/mediatek/charger/mtk_switch_charging.o
  CC      drivers/rtc/interface.o
../drivers/soc/mediatek/mtk-pmic-wrap.c:3270:13: warning: unused function 'pwrap_irq_thread_init' [-Wunused-function]
static void pwrap_irq_thread_init(void)
            ^
  CC      drivers/scsi/hosts.o
  CC      drivers/power/supply/mediatek/charger/mtk_pdc_intf.o
  CC      drivers/rtc/nvmem.o
1 warning generated.
  CC      drivers/rtc/rtc-dev.o
  CC      drivers/scsi/scsi_ioctl.o
  CC      drivers/soc/mediatek/mtk-cmdq-helper.o
  CC      drivers/power/supply/mediatek/charger/mtk_chg_type_det.o
  CC      drivers/rtc/rtc-proc.o
../drivers/soc/mediatek/mtk-cmdq-helper.c:599:11: warning: incompatible integer to pointer conversion returning 'int' from a function with result type 'void *' [-Wint-conversion]
                        return -ENOMEM;
                               ^~~~~~~
  CC      drivers/rtc/rtc-sysfs.o
  CC      drivers/scsi/scsicam.o
  CC      drivers/power/supply/mediatek/charger/mtk_pe40_intf.o
  CC      drivers/rtc/rtc-mt6358.o
1 warning generated.
  CC      drivers/scsi/scsi_error.o
  CC      drivers/soc/mediatek/mtk-mbox.o
  AR      drivers/rtc/rtc-core.o
  AR      drivers/rtc/built-in.o
  CC      drivers/spi/spi.o
  CC      drivers/power/supply/mediatek/charger/mtk_linear_charging.o
  CC      drivers/soc/mediatek/mtk_tinysys_ipi.o
  CC      drivers/power/supply/mediatek/charger/adapter_class.o
  CC      drivers/soc/mediatek/mtk-lpm.o
  CC      drivers/scsi/scsi_lib.o
  CC      drivers/soc/mediatek/socinfo.o
  CC      drivers/power/supply/mediatek/charger/mtk_pd_adapter.o
  AR      drivers/soc/mediatek/built-in.o
  AR      drivers/soc/renesas/built-in.o
  AR      drivers/soc/built-in.o
  CC      drivers/spi/spi-mt65xx.o
  CC      drivers/spmi/spmi.o
  CC      drivers/power/supply/mediatek/charger/mtk_switch_charging2.o
  CC      drivers/scsi/scsi_common.o
  CC      drivers/spi/spi-mt65xx-dev.o
  CC      drivers/scsi/scsi_lib_dma.o
  CC      drivers/spmi/mtk-pmif.o
  CC      drivers/power/supply/mediatek/charger/mtk_intf.o
  CC      drivers/scsi/scsi_scan.o
  AR      drivers/spi/built-in.o
  CC      drivers/staging/android/ion/ion.o
  CC      drivers/spmi/mtk-dbg.o
../drivers/staging/android/ion/ion.c:1433:1: warning: unused label 'retry' [-Wunused-label]
retry:
^~~~~~
../drivers/staging/android/ion/ion.c:1404:15: warning: unused variable 'retry' [-Wunused-variable]
        int ret = 0, retry = 0;
                     ^
  CC      drivers/power/supply/mediatek/charger/mtk_pe40.o
../drivers/spmi/mtk-dbg.c:1523:5: warning: 'SPMI_RCS_SUPPORT' is not defined, evaluates to 0 [-Wundef]
#if SPMI_RCS_SUPPORT
    ^
../drivers/spmi/mtk-dbg.c:1584:6: warning: unused variable 'i' [-Wunused-variable]
        int i = 0;
            ^
../drivers/spmi/mtk-dbg.c:1582:32: warning: unused variable 'log_size' [-Wunused-variable]
        unsigned int offset, tmp_dat, log_size = 0;
                                      ^
../drivers/spmi/mtk-dbg.c:1610:27: warning: signed shift result (0x7C0000000) requires 36 bits to represent, but 'int' only has 32 bits [-Wshift-overflow]
                chan = (tmp_dat & (0xf8 << 27)) >> 27;
                                   ~~~~ ^  ~~
../drivers/spmi/mtk-dbg.c:1647:27: warning: signed shift result (0x7C0000000) requires 36 bits to represent, but 'int' only has 32 bits [-Wshift-overflow]
                chan = (tmp_dat & (0xf8 << 27)) >> 27;
                                   ~~~~ ^  ~~
../drivers/spmi/mtk-dbg.c:1330:12: warning: unused variable 'is_drv_attr' [-Wunused-variable]
static int is_drv_attr;
           ^
../drivers/spmi/mtk-dbg.c:1339:12: warning: unused function 'mtk_spmi_readl_d' [-Wunused-function]
static u32 mtk_spmi_readl_d(struct pmif *arb, enum spmi_regs reg)
           ^
7 warnings generated.
  AR      drivers/spmi/built-in.o
  CC      drivers/staging/android/ion/ion-ioctl.o
2 warnings generated.
  CC      drivers/scsi/scsi_sysfs.o
  CC      drivers/staging/android/ion/ion_heap.o
  CC      drivers/power/supply/mediatek/charger/mtk_pdc.o
  CC      drivers/staging/android/ion/ion_page_pool.o
  CC      drivers/staging/android/ion/ion_system_heap.o
  CC      drivers/staging/android/ion/ion_carveout_heap.o
  CC      drivers/power/supply/mediatek/charger/xmusb350.o
  CC      drivers/scsi/scsi_devinfo.o
  CC      drivers/staging/android/ion/ion_chunk_heap.o
  CC      drivers/staging/android/ion/ion_cma_heap.o
  CC      drivers/staging/android/ion/compat_ion.o
  CC      drivers/staging/android/ion/mtk/ion_drv.o
  CC      drivers/scsi/scsi_sysctl.o
  AR      drivers/power/supply/mediatek/charger/built-in.o
  AR      drivers/power/supply/mediatek/built-in.o
  CC      drivers/power/supply/ti/bq2597x_charger.o
  CC      drivers/scsi/scsi_proc.o
  CC      drivers/staging/android/ion/mtk/ion_mm_heap.o
  CC      drivers/scsi/scsi_trace.o
../drivers/staging/android/ion/mtk/ion_mm_heap.c:958:36: warning: '&&' within '||' [-Wlogical-op-parentheses]
            (buffer->sg_table->nents > 10 &&
             ~~~~~~~~~~~~~~~~~~~~~~~~~~~~~^~
../drivers/staging/android/ion/mtk/ion_mm_heap.c:958:36: note: place parentheses around the '&&' expression to silence this warning
            (buffer->sg_table->nents > 10 &&
                                          ^
             (
../drivers/staging/android/ion/mtk/ion_mm_heap.c:2159:31: warning: unused variable 'buffer_info' [-Wunused-variable]
                        struct ion_mm_buffer_info *buffer_info =
                                                   ^
  CC      drivers/scsi/scsi_logging.o
  CC      drivers/power/supply/ti/pd_policy_manager.o
2 warnings generated.
  CC      drivers/staging/android/ion/mtk/ion_fb_heap.o
../drivers/power/supply/ti/pd_policy_manager.c:32:9: warning: 'pr_debug' macro redefined [-Wmacro-redefined]
#define pr_debug pr_err
        ^
../include/linux/printk.h:393:9: note: previous definition is here
#define pr_debug(fmt, ...) \
        ^
../drivers/power/supply/ti/pd_policy_manager.c:996:47: warning: '&&' within '||' [-Wlogical-op-parentheses]
        if (pdpm->cp.ibat_curr > 0 && ibus_total > 0 && steps > 0 || effective_fcc_val == 0) {
            ~~~~~~~~~~~~~~~~~~~~~~~~~~~~~~~~~~~~~~~~~^~~~~~~~~~~~ ~~
../drivers/power/supply/ti/pd_policy_manager.c:996:47: note: place parentheses around the '&&' expression to silence this warning
        if (pdpm->cp.ibat_curr > 0 && ibus_total > 0 && steps > 0 || effective_fcc_val == 0) {
                                                     ^
            (                                                    )
../drivers/staging/android/ion/mtk/ion_fb_heap.c:243:28: warning: unused variable 'fb_heap_ops' [-Wunused-variable]
static struct ion_heap_ops fb_heap_ops = {
                           ^
../drivers/staging/android/ion/mtk/ion_fb_heap.c:282:12: warning: unused function 'ion_fb_heap_debug_show' [-Wunused-function]
static int ion_fb_heap_debug_show(struct ion_heap *heap, struct seq_file *s,
           ^
2 warnings generated.
  CC      drivers/scsi/scsi_pm.o
  CC      drivers/staging/android/ion/mtk/ion_sec_heap.o
2 warnings generated.
  CC      drivers/power/supply/ti/cp_qc30.o
  CC      drivers/scsi/ufs/ufshcd.o
../drivers/power/supply/ti/cp_qc30.c:59:9: warning: 'pr_debug' macro redefined [-Wmacro-redefined]
#define pr_debug pr_err
        ^
../include/linux/printk.h:393:9: note: previous definition is here
#define pr_debug(fmt, ...) \
        ^
  CC      drivers/staging/android/ion/mtk/ion_profile.o
  CC      drivers/staging/android/ion/mtk/ion_history.o
  CC      drivers/scsi/sd.o
1 warning generated.
  AR      drivers/power/supply/ti/built-in.o
  AR      drivers/power/supply/power_supply.o
  AR      drivers/power/supply/built-in.o
  AR      drivers/power/built-in.o
  CC      drivers/staging/android/ion/mtk/ion_comm.o
../drivers/scsi/ufs/ufshcd.c:9371:24: warning: ISO C90 forbids mixing declarations and code [-Wdeclaration-after-statement]
        enum ufs_dev_pwr_mode old_pwr_mode;
                              ^
  CC      drivers/tee/tee_core.o
  AR      drivers/staging/android/ion/mtk/built-in.o
  AR      drivers/staging/android/ion/built-in.o
  CC      drivers/staging/android/ashmem.o
  CC      drivers/staging/android/alarm-dev.o
  AR      drivers/scsi/scsi_mod.o
  AR      drivers/scsi/sd_mod.o
  CC      drivers/tee/tee_shm.o
  CC      drivers/tee/tee_shm_pool.o
  AR      drivers/staging/android/built-in.o
  AR      drivers/staging/iio/accel/built-in.o
  AR      drivers/staging/iio/adc/built-in.o
  AR      drivers/staging/iio/addac/built-in.o
  AR      drivers/staging/iio/cdc/built-in.o
  AR      drivers/staging/iio/frequency/built-in.o
  AR      drivers/staging/iio/gyro/built-in.o
  AR      drivers/staging/iio/impedance-analyzer/built-in.o
  AR      drivers/staging/iio/light/built-in.o
  AR      drivers/staging/iio/meter/built-in.o
  AR      drivers/staging/iio/resolver/built-in.o
  AR      drivers/staging/iio/trigger/built-in.o
  AR      drivers/staging/iio/built-in.o
  AR      drivers/staging/media/built-in.o
  AR      drivers/staging/typec/fusb302/built-in.o
  AR      drivers/staging/typec/built-in.o
  AR      drivers/staging/built-in.o
  CC      drivers/scsi/ufs/ufshcd-crypto.o
  CC      drivers/thermal/thermal_core.o
  CC      drivers/tee/mitee/core.o
  CC      drivers/tee/mitee/call.o
../drivers/thermal/thermal_core.c:1593:8: warning: 'snprintf' size argument is too large; destination buffer has size 128, but size argument is 4096 [-Wfortify-source]
        ret = snprintf(boost_buf, PAGE_SIZE, buf);
              ^
../drivers/thermal/thermal_core.c:1693:8: warning: 'snprintf' size argument is too large; destination buffer has size 128, but size argument is 4096 [-Wfortify-source]
       snprintf(board_sensor_temp, PAGE_SIZE, buf);
       ^
1 warning generated.
  CC      drivers/thermal/thermal_sysfs.o
  CC      drivers/tee/mitee/rpc.o
  CC      drivers/scsi/ufs/ufsfeature.o
2 warnings generated.
  CC      drivers/thermal/thermal_helpers.o
  CC      drivers/tee/mitee/supp.o
  CC      drivers/thermal/of-thermal.o
  CC      drivers/tee/mitee/shm_pool.o
  CC      drivers/scsi/ufs/ufshpb.o
  CC      drivers/thermal/backward_compatible.o
  CC      drivers/tee/mitee/device.o
  CC      drivers/thermal/cpu_cooling.o
  AR      drivers/thermal/broadcom/built-in.o
  AR      drivers/thermal/samsung/built-in.o
  CC      drivers/tee/mitee/bench.o
  CC      drivers/tee/mitee/mitee_memlog.o
  CC      drivers/scsi/ufs/ufstw.o
  AR      drivers/thermal/thermal_sys.o
  AR      drivers/thermal/built-in.o
  CC      drivers/tty/tty_io.o
  AR      drivers/tee/mitee/optee.o
  AR      drivers/tee/mitee/built-in.o
  AR      drivers/tee/tee.o
  AR      drivers/tee/built-in.o
  CC      drivers/usb/common/common.o
  CC      drivers/scsi/ufs/ufshpb_skh.o
  CC      drivers/scsi/ufs/ufshcd-pltfrm.o
  AR      drivers/usb/common/usb-common.o
  AR      drivers/usb/common/built-in.o
  CC      drivers/usb/core/usb.o
  CC      drivers/scsi/ufs/ufs-mtk.o
  CC      drivers/tty/n_tty.o
  CC      drivers/usb/core/hub.o
../drivers/scsi/ufs/ufs-mtk.c:2706:23: warning: unused variable 'host' [-Wunused-variable]
        struct ufs_mtk_host *host;
                             ^
../drivers/scsi/ufs/ufs-mtk.c:2705:18: warning: unused variable 'hba' [-Wunused-variable]
        struct ufs_hba *hba;
                        ^
../drivers/scsi/ufs/ufs-mtk.c:2759:23: warning: unused variable 'host' [-Wunused-variable]
        struct ufs_mtk_host *host = ufshcd_get_variant(hba);
                             ^
  CC      drivers/scsi/ufs/mediatek/mt6893/ufs-mtk-platform.o
3 warnings generated.
../drivers/scsi/ufs/mediatek/mt6893/ufs-mtk-platform.c:419:23: warning: unused variable 'host' [-Wunused-variable]
        struct ufs_mtk_host *host = ufshcd_get_variant(hba);
                             ^
  CC      drivers/usb/gadget/usbstring.o
1 warning generated.
  CC      drivers/scsi/ufs/ufs-mtk-block.o
  CC      drivers/tty/tty_ioctl.o
  CC      drivers/usb/gadget/config.o
  CC      drivers/usb/core/hcd.o
  CC      drivers/scsi/ufs/ufs-mtk-dbg.o
  CC      drivers/tty/tty_ldisc.o
  CC      drivers/usb/gadget/epautoconf.o
  AR      drivers/scsi/ufs/ufshcd-core.o
  AR      drivers/scsi/ufs/built-in.o
  AR      drivers/scsi/built-in.o
  CC      drivers/tty/tty_buffer.o
  CC      drivers/usb/gadget/composite.o
  CC      drivers/video/hdmi.o
  CC      drivers/usb/core/urb.o
  CC      drivers/tty/tty_port.o
  CC      drivers/video/backlight/backlight.o
  CC      drivers/usb/core/message.o
  CC      drivers/tty/tty_mutex.o
  CC      drivers/video/backlight/generic_bl.o
  CC      drivers/usb/gadget/functions.o
  CC      drivers/tty/tty_ldsem.o
  CC [M]  drivers/video/backlight/lcd.o
  CC      drivers/usb/gadget/configfs.o
  CC      drivers/tty/tty_baudrate.o
  CC      drivers/usb/core/driver.o
../drivers/usb/gadget/configfs.c:1567:12: warning: unused function 'configfs_composite_setup' [-Wunused-function]
static int configfs_composite_setup(struct usb_gadget *gadget,
           ^
../drivers/usb/gadget/configfs.c:1592:13: warning: unused function 'configfs_composite_disconnect' [-Wunused-function]
static void configfs_composite_disconnect(struct usb_gadget *gadget)
            ^
  AR      drivers/video/backlight/built-in.o
  CC      drivers/video/fbdev/core/fb_cmdline.o
  CC      drivers/tty/tty_jobctrl.o
2 warnings generated.
  CC      drivers/usb/gadget/u_f.o
  CC      drivers/video/fbdev/core/fb_notify.o
  CC      drivers/usb/core/config.o
  CC      drivers/tty/n_null.o
  CC      drivers/usb/gadget/meta.o
  CC      drivers/video/fbdev/core/fbmem.o
  CC      drivers/tty/pty.o
  CC      drivers/usb/core/file.o
  CC      drivers/tty/tty_audit.o
  CC      drivers/usb/gadget/function/f_acm.o
  CC      drivers/usb/core/buffer.o
  CC      drivers/tty/sysrq.o
  CC      drivers/usb/gadget/function/u_serial.o
  CC      drivers/usb/core/sysfs.o
  CC      drivers/video/fbdev/core/fbmon.o
  CC      drivers/usb/gadget/function/f_serial.o
  AR      drivers/tty/ipwireless/built-in.o
  CC      drivers/usb/core/endpoint.o
  CC      drivers/tty/serial/serial_core.o
  CC      drivers/usb/gadget/function/u_ether.o
  CC      drivers/usb/core/devio.o
  CC      drivers/video/fbdev/core/fbcmap.o
  CC      drivers/video/fbdev/core/fbsysfs.o
  CC      drivers/tty/serial/earlycon.o
  CC      drivers/usb/gadget/function/f_rndis.o
  CC      drivers/tty/serial/8250/8250_core.o
  CC      drivers/video/fbdev/core/modedb.o
  CC      drivers/usb/core/notify.o
  CC      drivers/usb/gadget/function/rndis.o
  CC      drivers/tty/serial/8250/8250_port.o
  CC      drivers/usb/core/generic.o
  CC      drivers/video/fbdev/core/fbcvt.o
  CC      drivers/usb/core/quirks.o
  CC      drivers/video/fbdev/core/fb_defio.o
  CC      drivers/usb/gadget/function/f_mass_storage.o
  CC      drivers/usb/core/devices.o
  CC      drivers/tty/serial/8250/8250_dma.o
  CC      drivers/usb/core/port.o
  CC      drivers/video/fbdev/core/cfbfillrect.o
  CC      drivers/usb/core/of.o
  CC      drivers/tty/serial/8250/8250_early.o
  CC      drivers/video/fbdev/core/cfbcopyarea.o
  CC      drivers/tty/serial/8250/8250_fsl.o
  AR      drivers/usb/core/usbcore.o
  AR      drivers/usb/core/built-in.o
  CC      drivers/usb/host/xhci.o
  CC      drivers/usb/gadget/function/storage_common.o
  CC      drivers/video/fbdev/core/cfbimgblt.o
  CC      drivers/tty/serial/8250/8250_mtk.o
  CC      drivers/usb/gadget/function/f_fs.o
  CC      drivers/video/fbdev/core/sysfillrect.o
  AR      drivers/tty/serial/8250/8250.o
  AR      drivers/tty/serial/8250/8250_base.o
  AR      drivers/tty/serial/8250/built-in.o
  AR      drivers/tty/serial/built-in.o
  AR      drivers/tty/vt/built-in.o
  AR      drivers/tty/built-in.o
  CC      drivers/usb/host/xhci-mem.o
  CC      drivers/video/fbdev/core/syscopyarea.o
  CC      drivers/usb/host/xhci-ring.o
  CC      drivers/video/fbdev/core/sysimgblt.o
  CC      drivers/usb/gadget/function/f_midi.o
  CC      drivers/usb/gadget/function/f_hid.o
  CC      drivers/video/fbdev/core/fb_sys_fops.o
  CC      drivers/usb/gadget/function/f_audio_source.o
  CC      drivers/usb/gadget/function/f_accessory.o
  AR      drivers/video/fbdev/core/fb.o
  AR      drivers/video/fbdev/core/built-in.o
  AR      drivers/video/fbdev/omap2/omapfb/displays/built-in.o
  AR      drivers/video/fbdev/omap2/omapfb/dss/built-in.o
  AR      drivers/video/fbdev/omap2/omapfb/built-in.o
  AR      drivers/video/fbdev/omap2/built-in.o
  AR      drivers/video/fbdev/built-in.o
  CC      drivers/video/logo/logo.o
  CC      drivers/usb/gadget/function/f_mtp.o
  CC      drivers/usb/host/xhci-hub.o
  LOGO    drivers/video/logo/logo_linux_mono.c
  LOGO    drivers/video/logo/logo_linux_vga16.c
  LOGO    drivers/video/logo/logo_linux_clut224.c
  LOGO    drivers/video/logo/logo_superh_mono.c
  LOGO    drivers/video/logo/logo_superh_vga16.c
  LOGO    drivers/video/logo/clut_vga16.c
  LOGO    drivers/video/logo/logo_blackfin_vga16.c
  LOGO    drivers/video/logo/logo_spe_clut224.c
  LOGO    drivers/video/logo/logo_mac_clut224.c
  LOGO    drivers/video/logo/logo_superh_clut224.c
  LOGO    drivers/video/logo/logo_sun_clut224.c
  LOGO    drivers/video/logo/logo_parisc_clut224.c
  LOGO    drivers/video/logo/logo_blackfin_clut224.c
  LOGO    drivers/video/logo/logo_dec_clut224.c
  LOGO    drivers/video/logo/logo_m32r_clut224.c
  LOGO    drivers/video/logo/logo_sgi_clut224.c
  CC      drivers/video/logo/logo_linux_mono.o
  CC      drivers/video/logo/logo_linux_vga16.o
  CC      drivers/video/logo/logo_linux_clut224.o
  AR      drivers/video/logo/built-in.o
  AR      drivers/video/built-in.o
  CC      drivers/virtio/virtio.o
  CC      drivers/usb/gadget/function/f_ptp.o
  CC      drivers/usb/host/xhci-dbg.o
  AR      drivers/usb/gadget/function/usb_f_acm.o
  AR      drivers/usb/gadget/function/usb_f_serial.o
  AR      drivers/usb/gadget/function/usb_f_rndis.o
  AR      drivers/usb/gadget/function/usb_f_mass_storage.o
  CC      drivers/usb/host/xhci-trace.o
  AR      drivers/usb/gadget/function/usb_f_fs.o
  AR      drivers/usb/gadget/function/usb_f_midi.o
  AR      drivers/usb/gadget/function/usb_f_hid.o
  AR      drivers/usb/gadget/function/usb_f_audio_source.o
  AR      drivers/usb/gadget/function/usb_f_accessory.o
  AR      drivers/usb/gadget/function/usb_f_mtp.o
  AR      drivers/usb/gadget/function/usb_f_ptp.o
  AR      drivers/usb/gadget/function/built-in.o
  AR      drivers/usb/gadget/legacy/built-in.o
  CC      drivers/virtio/virtio_ring.o
  CC      drivers/usb/gadget/udc/core.o
  CC      drivers/usb/host/xhci-mtk-sch.o
  AR      drivers/virtio/built-in.o
  CC      drivers/usb/host/xhci-mtk-uac.o
  CC      drivers/usb/gadget/udc/trace.o
  CC      drivers/usb/host/xhci-mtk.o
  CC      drivers/watchdog/mediatek/wdk/wd_common_drv.o
  AR      drivers/usb/gadget/udc/udc-core.o
  AR      drivers/usb/gadget/udc/built-in.o
  AR      drivers/usb/gadget/libcomposite.o
  AR      drivers/usb/gadget/built-in.o
  CC      drivers/usb/misc/trancevibrator.o
  CC      drivers/watchdog/mediatek/wdk/wd_api.o
  AR      drivers/usb/host/xhci-hcd.o
  CC      drivers/usb/mtu3/mt6885/mtu3_hal.o
  AR      drivers/usb/host/built-in.o
  CC      drivers/usb/mtu3/mtu3_debugfs_v2.o
  AR      drivers/usb/misc/built-in.o
  AR      drivers/watchdog/mediatek/wdk/built-in.o
  CC      drivers/usb/phy/phy.o
  CC      drivers/watchdog/mediatek/wdt/common/wdt_v2/mtk_wdt_v2.o
  CC      drivers/usb/mtu3/mt6885/mtu3_phy_hal.o
  CC      drivers/usb/mtu3/mtu3_plat_v2.o
  CC      drivers/usb/mtu3/mt6885/mtu3_sleep.o
  CC      drivers/usb/phy/of.o
  CC      drivers/usb/mtu3/mtu3_host_v2.o
  CC      drivers/usb/mtu3/mt6885/mtu3_phy_debugfs.o
  AR      drivers/watchdog/mediatek/wdt/common/wdt_v2/built-in.o
  AR      drivers/watchdog/mediatek/wdt/common/built-in.o
  AR      drivers/watchdog/mediatek/wdt/built-in.o
  AR      drivers/watchdog/mediatek/built-in.o
  AR      drivers/watchdog/built-in.o
  CC      drivers/usb/mtu3/mtu3_core.o
  CC      drivers/usb/phy/class-dual-role.o
  CC      drivers/usb/mtu3/mtu3_gadget_ep0.o
  AR      drivers/usb/mtu3/mt6885/built-in.o
  CC      drivers/usb/mtu3/mtu3_gadget.o
  CC      drivers/usb/phy/phy-generic.o
  CC      drivers/usb/mtu3/mtu3_qmu.o
../drivers/usb/mtu3/mtu3_gadget.c:659:6: warning: unused variable 'i' [-Wunused-variable]
        int i;
            ^
  CC      drivers/usb/mtu3/mtu3_dr_v2.o
1 warning generated.
  CC      drivers/usb/storage/scsiglue.o
  CC      drivers/usb/storage/protocol.o
  AR      drivers/usb/phy/built-in.o
  CC      drivers/usb/storage/transport.o
  AR      drivers/usb/mtu3/musb_hdrc.o
  AR      drivers/usb/mtu3/built-in.o
  CC      drivers/usb/storage/usb.o
  CC      drivers/usb/storage/initializers.o
  CC      drivers/usb/storage/sierra_ms.o
  CC      drivers/usb/storage/option_ms.o
  CC      drivers/usb/storage/usual-tables.o
  CC      drivers/usb/storage/alauda.o
  CC      drivers/usb/storage/cypress_atacb.o
  CC      drivers/usb/storage/datafab.o
  CC      drivers/usb/storage/freecom.o
  CC      drivers/usb/storage/isd200.o
  CC      drivers/usb/storage/jumpshot.o
  CC      drivers/usb/storage/karma.o
  CC      drivers/usb/storage/onetouch.o
  CC      drivers/usb/storage/sddr09.o
  CC      drivers/usb/storage/sddr55.o
  CC      drivers/usb/storage/shuttle_usbat.o
  AR      drivers/usb/storage/usb-storage.o
  AR      drivers/usb/storage/ums-alauda.o
  AR      drivers/usb/storage/ums-cypress.o
  AR      drivers/usb/storage/ums-datafab.o
  AR      drivers/usb/storage/ums-freecom.o
  AR      drivers/usb/storage/ums-isd200.o
  AR      drivers/usb/storage/ums-jumpshot.o
  AR      drivers/usb/storage/ums-karma.o
  AR      drivers/usb/storage/ums-onetouch.o
  AR      drivers/usb/storage/ums-sddr55.o
  AR      drivers/usb/storage/ums-usbat.o
  AR      drivers/usb/storage/ums-sddr09.o
  AR      drivers/usb/storage/built-in.o
  AR      drivers/usb/built-in.o
  AR      drivers/built-in.o
  GEN     .version
  CHK     include/generated/compile.h
  UPD     include/generated/compile.h
  CC      init/version.o
  AR      init/built-in.o
  AR      built-in.o
  LD      vmlinux.o
../scripts/link-vmlinux.sh: line 102: 266039 Killed                  ${LD} ${LDFLAGS} -r -o ${1} $(lto_lds) ${objects}
make[1]: *** [/media/linux/linux/kernel/aresinnh/aresin_test_kernel/Makefile:1144: vmlinux] Error 137
make[1]: Leaving directory '/media/linux/linux/kernel/aresinnh/aresin_test_kernel/out'
make: *** [Makefile:146: sub-make] Error 2
